  EngineCore.vcxproj -> C:\DMAP\game\t\GameEngine\EngineCore\Debug\EngineCore.lib
  .\Debug\EngineCore.lib
          1 file(s) copied.
  .\IGame.h
          1 file(s) copied.
  .\OS\*.h 
          0 file(s) copied.
  The system cannot find the file specified.
  .\OS\Abstract\IMutex.h
  .\OS\Abstract\ISocket.h
  .\OS\Abstract\IThread.h
          3 file(s) copied.
  .\OS\Windows\CWinMutex.h
  .\OS\Windows\CWinSocket.h
  .\OS\Windows\CWinThread.h
          3 file(s) copied.
  .\Holders\CModelHolder.h
  .\Holders\CShaderHolder.h
  .\Holders\CSocketHolder.h
  .\Holders\CTextureHolder.h
  .\Holders\CThreadHolder.h
          5 file(s) copied.
  .\Cache\*.h 
  The system cannot find the file specified.
          0 file(s) copied.
  .\Cache\ResourceCache\CResHandle.h
  .\Cache\ResourceCache\IResourceFile.h
  .\Cache\ResourceCache\ZipFile.h
          3 file(s) copied.
  .\Loaders\Images\CBmp.h
  .\Loaders\Images\CFactory2dImage.h
  .\Loaders\Images\CPng.h
  .\Loaders\Images\CTga.h
  .\Loaders\Images\I2dImage.h
          5 file(s) copied.
  .\Input\CGameController.h
  .\Input\IEventInput.h
  .\Input\IKeyboardHandler.h
  .\Input\IMouseHandler.h
          4 file(s) copied.
